<?xml version="1.0" encoding="utf-8"?><testsuites name="pytest tests"><testsuite name="pytest" errors="0" failures="0" skipped="0" tests="7" time="32.771" timestamp="2026-04-19T18:43:01.968697+00:00" hostname="agent-env-bfb08310-cf09-46ef-8c9a-0bcbdb926530"><testcase classname="tests.test_assigned_components.TestAuthAndSetup" name="test_login_success" time="9.506" /><testcase classname="tests.test_assigned_components.TestPackagePublicEndpoints" name="test_get_templates_list" time="5.741" /><testcase classname="tests.test_assigned_components.TestPackagePublicEndpoints" name="test_get_packages_list" time="1.548" /><testcase classname="tests.test_assigned_components.TestFieldPlacementsPublic" name="test_field_placements_public_endpoint" time="3.615" /><testcase classname="tests.test_assigned_components.TestPackageSigningFlow" name="test_package_public_view_structure" time="3.002" /><testcase classname="tests.test_assigned_components.TestDocumentPublicEndpoints" name="test_documents_list" time="2.545" /><testcase classname="tests.test_assigned_components.TestBackwardCompatibility" name="test_template_without_assignments" time="6.758" /></testsuite></testsuites>