<?xml version="1.0" encoding="utf-8"?><testsuites name="pytest tests"><testsuite name="pytest" errors="0" failures="0" skipped="0" tests="8" time="92.533" timestamp="2026-04-19T19:00:27.422064+00:00" hostname="agent-env-bfb08310-cf09-46ef-8c9a-0bcbdb926530"><testcase classname="tests.test_auto_assign_components.TestAutoAssignBasicMode" name="test_single_recipient_empty_assigned_components_auto_assigns_all" time="21.973" /><testcase classname="tests.test_auto_assign_components.TestAutoAssignBasicMode" name="test_single_recipient_explicit_assigned_components_respected" time="9.240" /><testcase classname="tests.test_auto_assign_components.TestAutoAssignBasicMode" name="test_two_recipients_both_empty_first_gets_all" time="8.858" /><testcase classname="tests.test_auto_assign_components.TestAutoAssignBasicMode" name="test_two_recipients_r1_explicit_r2_empty_gets_remaining" time="9.908" /><testcase classname="tests.test_auto_assign_components.TestAutoAssignPackageMode" name="test_package_mode_empty_assigned_components_map" time="13.871" /><testcase classname="tests.test_auto_assign_components.TestPackageSendEndpoint" name="test_package_send_empty_assigned_components_map" time="14.378" /><testcase classname="tests.test_auto_assign_components.TestLogging" name="test_logging_auto_assign_and_plan" time="7.605" /><testcase classname="tests.test_auto_assign_components.TestEmailDelivery" name="test_email_sent_with_empty_assigned_components" time="6.632" /></testsuite></testsuites>