<?xml version="1.0" encoding="utf-8"?><testsuites name="pytest tests"><testsuite name="pytest" errors="0" failures="0" skipped="0" tests="11" time="32.567" timestamp="2026-04-18T13:07:56.997133+00:00" hostname="agent-env-bfb08310-cf09-46ef-8c9a-0bcbdb926530"><testcase classname="tests.test_docflow_fields.TestDocFlowFieldTypes" name="test_login_success" time="8.512" /><testcase classname="tests.test_docflow_fields.TestDocFlowFieldTypes" name="test_get_templates_list" time="5.806" /><testcase classname="tests.test_docflow_fields.TestDocFlowFieldTypes" name="test_get_template_field_placements" time="3.941" /><testcase classname="tests.test_docflow_fields.TestDocFlowFieldTypes" name="test_update_field_placements_with_new_radio_model" time="4.141" /><testcase classname="tests.test_docflow_fields.TestDocFlowFieldTypes" name="test_generate_public_link" time="4.958" /><testcase classname="tests.test_docflow_fields.TestDocFlowFieldTypes" name="test_public_document_view_endpoint" time="5.144" /><testcase classname="tests.test_docflow_fields.TestDateFieldFormat" name="test_date_format_helper" time="0.000" /><testcase classname="tests.test_docflow_fields.TestRadioGroupModel" name="test_radio_group_structure" time="0.000" /><testcase classname="tests.test_docflow_fields.TestRadioGroupModel" name="test_legacy_radio_structure" time="0.000" /><testcase classname="tests.test_docflow_fields.TestConditionalLogic" name="test_format_a_source_side_rules" time="0.000" /><testcase classname="tests.test_docflow_fields.TestConditionalLogic" name="test_format_b_target_side_rules" time="0.000" /></testsuite></testsuites>