<?xml version="1.0" encoding="utf-8"?><testsuites name="pytest tests"><testsuite name="pytest" errors="0" failures="0" skipped="0" tests="9" time="52.672" timestamp="2026-04-27T10:14:16.188127+00:00" hostname="agent-env-bfb08310-cf09-46ef-8c9a-0bcbdb926530"><testcase classname="tests.test_phase81_sms_endpoints.TestPhase81SMSEndpoints" name="test_01_packages_send_sms_mode_missing_phone_rejected" time="6.371" /><testcase classname="tests.test_phase81_sms_endpoints.TestPhase81SMSEndpoints" name="test_02_packages_send_sms_mode_false_success" time="16.636" /><testcase classname="tests.test_phase81_sms_endpoints.TestPhase81SMSEndpoints" name="test_03_packages_send_sms_mode_true_with_phones_success" time="12.770" /><testcase classname="tests.test_phase81_sms_endpoints.TestPhase81SMSEndpoints" name="test_04_generate_links_sms_mode_missing_phone_rejected" time="0.806" /><testcase classname="tests.test_phase81_sms_endpoints.TestPhase81SMSEndpoints" name="test_05_generate_links_sms_mode_true_with_phones_success" time="3.077" /><testcase classname="tests.test_phase81_sms_endpoints.TestPhase81SMSEndpoints" name="test_06_generate_links_sms_mode_false_success" time="2.769" /><testcase classname="tests.test_phase81_sms_endpoints.TestPhase81SMSEndpoints" name="test_07_package_sms_send_otp_stub_mode" time="3.354" /><testcase classname="tests.test_phase81_sms_endpoints.TestPhase81SMSEndpoints" name="test_08_package_sms_verify_otp_wrong_code" time="0.795" /><testcase classname="tests.test_phase81_sms_endpoints.TestPhase81SMSEndpoints" name="test_09_package_sms_verify_otp_correct_code" time="6.039" /></testsuite></testsuites>