<?xml version="1.0" encoding="utf-8"?><testsuites name="pytest tests"><testsuite name="pytest" errors="0" failures="0" skipped="1" tests="18" time="225.778" timestamp="2026-04-30T11:30:57.893592+00:00" hostname="agent-env-bfb08310-cf09-46ef-8c9a-0bcbdb926530"><testcase classname="backend.tests.test_phase81_42_recipient_actions.TestPhase8142RecipientActions" name="test_01_resend_run_recipient_success" time="31.951" /><testcase classname="backend.tests.test_phase81_42_recipient_actions.TestPhase8142RecipientActions" name="test_02_resend_voided_recipient_returns_409" time="22.476" /><testcase classname="backend.tests.test_phase81_42_recipient_actions.TestPhase8142RecipientActions" name="test_03_resend_missing_run_returns_404" time="2.604" /><testcase classname="backend.tests.test_phase81_42_recipient_actions.TestPhase8142RecipientActions" name="test_04_void_run_recipient_success" time="24.005" /><testcase classname="backend.tests.test_phase81_42_recipient_actions.TestPhase8142RecipientActions" name="test_05_void_already_voided_returns_409" time="24.159" /><testcase classname="backend.tests.test_phase81_42_recipient_actions.TestPhase8142RecipientActions" name="test_06_void_missing_recipient_returns_404" time="19.764" /><testcase classname="backend.tests.test_phase81_42_recipient_actions.TestPhase8142RecipientActions" name="test_07_unvoid_run_recipient_success" time="28.147" /><testcase classname="backend.tests.test_phase81_42_recipient_actions.TestPhase8142RecipientActions" name="test_08_unvoid_non_voided_returns_409" time="22.108" /><testcase classname="backend.tests.test_phase81_42_recipient_actions.TestPhase8142RecipientActions" name="test_09_void_recipient_cancels_reminders" time="22.602" /><testcase classname="backend.tests.test_phase81_42_recipient_actions.TestPhase8142RecipientActions" name="test_10_unvoid_recipient_reactivates_reminders" time="27.869" /><testcase classname="backend.tests.test_phase81_42_recipient_actions.TestPhase8142RecipientActions" name="test_11_cancel_recipient_reminders_function" time="0.003" /><testcase classname="backend.tests.test_phase81_42_recipient_actions.TestPhase8142RecipientActions" name="test_12_cancel_run_reminders_function" time="0.000" /><testcase classname="backend.tests.test_phase81_42_recipient_actions.TestPhase8142RecipientActions" name="test_13_void_package_calls_cancel_run_reminders" time="0.001" /><testcase classname="backend.tests.test_phase81_42_recipient_actions.TestPhase8142RecipientActions" name="test_14_document_void_recipient_calls_cancel_reminders" time="0.001"><skipped type="pytest.skip" message="Could not read document_routes: void_recipient endpoint should call cancel_recipient_reminders&#10;assert 'cancel_recipient_reminders' in 'async def void_recipient(\n    document_id: str,\n    recipient_id: str,\n    current_user: User = Depends(get_current_user),\n):\n    &quot;&quot;&quot;Phase 80 — void a single recipient (EMAIL flow only).\n\n    Blocks the recipient from opening their signing link, advances sequential\n    routing to the next recipient, and sends a cancellation email. Already-\n    signed recipients cannot be voided (returns 409).\n    &quot;&quot;&quot;\n    document = await db.docflow_documents.find_one(\n        {&quot;id&quot;: document_id, &quot;tenant_id&quot;: current_user.tenant_id},\n        {&quot;_id&quot;: 0},\n    )\n    if not document:\n        raise HTTPException(status_code=404, detail=&quot;Document not found&quot;)\n\n    recipient = next(\n        (r for r in (document.get(&quot;recipients&quot;) or []) if r.get(&quot;id&quot;) == recipient_id),\n        None,\n    )\n    if not recipient:\n        raise HTTPException(status_code=404, detail=&quot;Recipient not found&quot;)\n\n    # Public link docs don\'t have per-recipient void semantics\n    channels = document.get(&quot;delivery_channels&quot;) or []\n    if &quot;public_link&quot; in channels and &quot;email&quot; not in channels:\n        raise HTTPException(status_code=400, detail=&quot;Void is only supported for Email flow documents&quot;)\n\n    if recipient.get(&quot;status&quot;) in (&quot;signed&quot;, &quot;completed&quot;) or recipient.get(&quot;signed_at&quot;):\n        raise HTTPException(status_code=409, detail=&quot;Cannot void a recipient who has already signed&quot;)\n    if recipient.get(&quot;voided&quot;):\n        raise HTTPException(status_code=409, detail=&quot;Recipient is already voided&quot;)\n\n    now_iso = datetime.now(timezone.utc).isoformat()\n    await db.docflow_documents.update_one(\n        {&quot;id&quot;: document_id, &quot;recipients.id&quot;: recipient_id},\n        {\n            &quot;$set&quot;: {\n                &quot;recipients.$.voided&quot;: True,\n                &quot;recipients.$.voided_at&quot;: now_iso,\n                &quot;recipients.$.voided_by&quot;: current_user.email,\n                &quot;recipients.$.status&quot;: &quot;voided&quot;,\n                &quot;updated_at&quot;: now_iso,\n            },\n            &quot;$push&quot;: {\n                &quot;audit_trail&quot;: {\n                    &quot;event&quot;: &quot;re'">/app/backend/tests/test_phase81_42_recipient_actions.py:542: Could not read document_routes: void_recipient endpoint should call cancel_recipient_reminders
assert 'cancel_recipient_reminders' in 'async def void_recipient(\n    document_id: str,\n    recipient_id: str,\n    current_user: User = Depends(get_current_user),\n):\n    """Phase 80 — void a single recipient (EMAIL flow only).\n\n    Blocks the recipient from opening their signing link, advances sequential\n    routing to the next recipient, and sends a cancellation email. Already-\n    signed recipients cannot be voided (returns 409).\n    """\n    document = await db.docflow_documents.find_one(\n        {"id": document_id, "tenant_id": current_user.tenant_id},\n        {"_id": 0},\n    )\n    if not document:\n        raise HTTPException(status_code=404, detail="Document not found")\n\n    recipient = next(\n        (r for r in (document.get("recipients") or []) if r.get("id") == recipient_id),\n        None,\n    )\n    if not recipient:\n        raise HTTPException(status_code=404, detail="Recipient not found")\n\n    # Public link docs don\'t have per-recipient void semantics\n    channels = document.get("delivery_channels") or []\n    if "public_link" in channels and "email" not in channels:\n        raise HTTPException(status_code=400, detail="Void is only supported for Email flow documents")\n\n    if recipient.get("status") in ("signed", "completed") or recipient.get("signed_at"):\n        raise HTTPException(status_code=409, detail="Cannot void a recipient who has already signed")\n    if recipient.get("voided"):\n        raise HTTPException(status_code=409, detail="Recipient is already voided")\n\n    now_iso = datetime.now(timezone.utc).isoformat()\n    await db.docflow_documents.update_one(\n        {"id": document_id, "recipients.id": recipient_id},\n        {\n            "$set": {\n                "recipients.$.voided": True,\n                "recipients.$.voided_at": now_iso,\n                "recipients.$.voided_by": current_user.email,\n                "recipients.$.status": "voided",\n                "updated_at": now_iso,\n            },\n            "$push": {\n                "audit_trail": {\n                    "event": "re'</skipped></testcase><testcase classname="backend.tests.test_phase81_42_recipient_actions.TestPhase8142RecipientActions" name="test_15_package_void_recipient_calls_cancel_reminders" time="0.000" /><testcase classname="backend.tests.test_phase81_42_recipient_actions.TestPhase8142RecipientActions" name="test_16_frontend_service_methods_exist" time="0.000" /><testcase classname="backend.tests.test_phase81_42_recipient_actions.TestPhase8142RecipientActions" name="test_17_reminder_scheduler_regression" time="0.000" /><testcase classname="backend.tests.test_phase81_42_recipient_actions.TestPhase8142RecipientActions" name="test_18_run_find_recipient_helper" time="0.000" /></testsuite></testsuites>