<?xml version="1.0" encoding="utf-8"?><testsuites name="pytest tests"><testsuite name="pytest" errors="0" failures="0" skipped="2" tests="16" time="20.710" timestamp="2026-04-29T16:40:33.428169+00:00" hostname="agent-env-bfb08310-cf09-46ef-8c9a-0bcbdb926530"><testcase classname="backend.tests.test_phase81_30_checkbox_radio_assignment.TestPhase81_30_CheckboxRadioAssignment" name="test_01_auth_works" time="15.791" /><testcase classname="backend.tests.test_phase81_30_checkbox_radio_assignment.TestPhase81_30_CheckboxRadioAssignment" name="test_02_list_templates_with_checkbox_radio" time="0.980" /><testcase classname="backend.tests.test_phase81_30_checkbox_radio_assignment.TestPhase81_30_CheckboxRadioAssignment" name="test_03_generate_links_with_checkbox_assignment" time="0.974"><skipped type="pytest.skip" message="No template with checkbox field found">/app/backend/tests/test_phase81_30_checkbox_radio_assignment.py:109: No template with checkbox field found</skipped></testcase><testcase classname="backend.tests.test_phase81_30_checkbox_radio_assignment.TestPhase81_30_CheckboxRadioAssignment" name="test_04_generate_links_with_radio_assignment" time="0.982"><skipped type="pytest.skip" message="No template with radio field found">/app/backend/tests/test_phase81_30_checkbox_radio_assignment.py:182: No template with radio field found</skipped></testcase><testcase classname="backend.tests.test_phase81_30_checkbox_radio_assignment.TestPhase81_30_CheckboxRadioAssignment" name="test_05_verify_assigned_field_ids_persisted" time="1.879" /><testcase classname="backend.tests.test_phase81_30_checkbox_radio_assignment.TestPhase81_30_CheckboxRadioAssignment" name="test_06_package_public_routes_non_assignable_types" time="0.004" /><testcase classname="backend.tests.test_phase81_30_checkbox_radio_assignment.TestPhase81_30_CheckboxRadioAssignment" name="test_07_document_service_ownership_filter" time="0.003" /><testcase classname="backend.tests.test_phase81_30_checkbox_radio_assignment.TestPhase81_30_CheckboxRadioAssignment" name="test_08_frontend_assignable_field_types_includes_checkbox_radio" time="0.005" /><testcase classname="backend.tests.test_phase81_30_checkbox_radio_assignment.TestPhase81_30_CheckboxRadioAssignment" name="test_09_frontend_visibility_logic_checkbox" time="0.003" /><testcase classname="backend.tests.test_phase81_30_checkbox_radio_assignment.TestPhase81_30_CheckboxRadioAssignment" name="test_10_frontend_visibility_logic_radio" time="0.003" /><testcase classname="backend.tests.test_phase81_30_checkbox_radio_assignment.TestPhase81_30_CheckboxRadioAssignment" name="test_11_field_display_label_for_radio" time="0.003" /><testcase classname="backend.tests.test_phase81_30_checkbox_radio_assignment.TestPhase81_30_CheckboxRadioAssignment" name="test_12_field_display_type_for_radio" time="0.002" /><testcase classname="backend.tests.test_phase81_30_checkbox_radio_assignment.TestPhase81_30_OwnershipEnforcement" name="test_13_ownership_filter_rejects_cross_recipient_writes" time="0.003" /><testcase classname="backend.tests.test_phase81_30_checkbox_radio_assignment.TestPhase81_30_OwnershipEnforcement" name="test_14_package_routes_ownership_filter" time="0.003" /><testcase classname="backend.tests.test_phase81_30_checkbox_radio_assignment.TestPhase81_30_PublicDocumentView" name="test_15_public_doc_view_checkbox_visibility" time="0.003" /><testcase classname="backend.tests.test_phase81_30_checkbox_radio_assignment.TestPhase81_30_PublicDocumentView" name="test_16_public_doc_view_radio_visibility" time="0.003" /></testsuite></testsuites>