<?xml version="1.0" encoding="utf-8"?><testsuites name="pytest tests"><testsuite name="pytest" errors="0" failures="0" skipped="1" tests="16" time="33.022" timestamp="2026-04-20T13:03:51.071090+00:00" hostname="agent-env-bfb08310-cf09-46ef-8c9a-0bcbdb926530"><testcase classname="backend.tests.test_phase58_pdf_overlay.TestPhase58PDFOverlayService" name="test_01_auth_working" time="8.322" /><testcase classname="backend.tests.test_phase58_pdf_overlay.TestPhase58PDFOverlayService" name="test_02_pdf_overlay_service_code_review_signature_aspect_fit" time="1.581" /><testcase classname="backend.tests.test_phase58_pdf_overlay.TestPhase58PDFOverlayService" name="test_03_pdf_overlay_service_code_review_date_format" time="1.552" /><testcase classname="backend.tests.test_phase58_pdf_overlay.TestPhase58PDFOverlayService" name="test_04_pdf_overlay_service_code_review_radio_no_label" time="1.528" /><testcase classname="backend.tests.test_phase58_pdf_overlay.TestPhase58PDFOverlayService" name="test_05_pdf_overlay_service_code_review_checkbox_label" time="1.531" /><testcase classname="backend.tests.test_phase58_pdf_overlay.TestPhase58PDFOverlayService" name="test_06_pdf_overlay_service_code_review_initials_aspect_fit" time="1.525" /><testcase classname="backend.tests.test_phase58_pdf_overlay.TestPhase58PDFOverlayService" name="test_07_pdf_overlay_service_code_review_text_alignment" time="1.512" /><testcase classname="backend.tests.test_phase58_pdf_overlay.TestPhase58PDFOverlayService" name="test_08_validation_api_still_returns_6_checks" time="5.697"><skipped type="pytest.skip" message="No templates found">/app/backend/tests/test_phase58_pdf_overlay.py:228: No templates found</skipped></testcase><testcase classname="backend.tests.test_phase58_pdf_overlay.TestPhase58PDFOverlayService" name="test_09_package_public_routes_radio_no_label" time="1.542" /><testcase classname="backend.tests.test_phase58_pdf_overlay.TestPhase58PDFOverlayService" name="test_10_package_public_link_routes_radio_no_label" time="1.509" /><testcase classname="backend.tests.test_phase58_pdf_overlay.TestPhase58GenerateLinksAPI" name="test_01_generate_links_endpoint_exists" time="2.064" /><testcase classname="backend.tests.test_phase58_pdf_overlay.TestPhase58GenerateLinksAPI" name="test_02_generate_links_requires_template_id" time="2.061" /><testcase classname="backend.tests.test_phase58_pdf_overlay.TestPhase58GenerateLinksAPI" name="test_03_list_templates_for_testing" time="2.513" /><testcase classname="backend.tests.test_phase58_pdf_overlay.TestPhase58PDFOverlayUnit" name="test_01_draw_text_with_style_alignment" time="0.000" /><testcase classname="backend.tests.test_phase58_pdf_overlay.TestPhase58PDFOverlayUnit" name="test_02_date_format_mapping" time="0.001" /><testcase classname="backend.tests.test_phase58_pdf_overlay.TestPhase58PDFOverlayUnit" name="test_03_font_map_exists" time="0.000" /></testsuite></testsuites>