<?xml version="1.0" encoding="utf-8"?><testsuites name="pytest tests"><testsuite name="pytest" errors="0" failures="1" skipped="0" tests="21" time="33.853" timestamp="2026-04-22T14:46:50.932171+00:00" hostname="agent-env-bfb08310-cf09-46ef-8c9a-0bcbdb926530"><testcase classname="backend.tests.test_phase73_centering.TestPhase73CenteringCodeReview" name="test_01_package_public_routes_checkbox_centering" time="0.001" /><testcase classname="backend.tests.test_phase73_centering.TestPhase73CenteringCodeReview" name="test_02_package_public_routes_radio_centering" time="0.001" /><testcase classname="backend.tests.test_phase73_centering.TestPhase73CenteringCodeReview" name="test_03_package_public_link_routes_checkbox_centering" time="0.000" /><testcase classname="backend.tests.test_phase73_centering.TestPhase73CenteringCodeReview" name="test_04_package_public_link_routes_radio_centering" time="0.000" /><testcase classname="backend.tests.test_phase73_centering.TestPhase73CenteringCodeReview" name="test_05_pdf_overlay_service_checkbox_centering" time="0.000" /><testcase classname="backend.tests.test_phase73_centering.TestPhase73CenteringCodeReview" name="test_06_pdf_overlay_service_radio_centering" time="0.000" /><testcase classname="backend.tests.test_phase73_centering.TestPhase73CenteringCodeReview" name="test_07_frontend_checkbox_centering" time="0.001" /><testcase classname="backend.tests.test_phase73_centering.TestPhase73CenteringCodeReview" name="test_08_frontend_radio_centering" time="0.000" /><testcase classname="backend.tests.test_phase73_centering.TestPhase73RegressionChecks" name="test_01_auth_working" time="6.277" /><testcase classname="backend.tests.test_phase73_centering.TestPhase73RegressionChecks" name="test_02_signature_rendering_still_works" time="5.288" /><testcase classname="backend.tests.test_phase73_centering.TestPhase73RegressionChecks" name="test_03_text_date_rendering_still_works" time="1.589" /><testcase classname="backend.tests.test_phase73_centering.TestPhase73RegressionChecks" name="test_04_merge_field_rendering_still_works" time="1.952" /><testcase classname="backend.tests.test_phase73_centering.TestPhase73RegressionChecks" name="test_05_templates_endpoint_working" time="6.875" /><testcase classname="backend.tests.test_phase73_centering.TestPhase73RegressionChecks" name="test_06_validation_api_still_works" time="3.516"><failure message="AssertionError: Validation API failed: 404&#10;assert 404 == 200&#10; +  where 404 = &lt;Response [404]&gt;.status_code">backend/tests/test_phase73_centering.py:311: in test_06_validation_api_still_works
    assert validate_resp.status_code == 200, f"Validation API failed: {validate_resp.status_code}"
E   AssertionError: Validation API failed: 404
E   assert 404 == 200
E    +  where 404 = &lt;Response [404]&gt;.status_code</failure></testcase><testcase classname="backend.tests.test_phase73_centering.TestPhase73PDFOverlayServiceUnit" name="test_01_checkbox_centering_calculation" time="0.000" /><testcase classname="backend.tests.test_phase73_centering.TestPhase73PDFOverlayServiceUnit" name="test_02_radio_centering_calculation" time="0.000" /><testcase classname="backend.tests.test_phase73_centering.TestPhase73PDFOverlayServiceUnit" name="test_03_old_left_aligned_vs_new_centered" time="0.000" /><testcase classname="backend.tests.test_phase73_centering.TestPhase73EndToEndFlow" name="test_01_generate_links_endpoint_exists" time="2.033" /><testcase classname="backend.tests.test_phase73_centering.TestPhase73EndToEndFlow" name="test_02_packages_public_endpoint_exists" time="1.859" /><testcase classname="backend.tests.test_phase73_centering.TestPhase73EndToEndFlow" name="test_03_packages_public_link_endpoint_exists" time="1.895" /><testcase classname="backend.tests.test_phase73_centering.TestPhase73EndToEndFlow" name="test_04_list_templates_with_checkbox_radio" time="2.465" /></testsuite></testsuites>