<?xml version="1.0" encoding="utf-8"?><testsuites name="pytest tests"><testsuite name="pytest" errors="0" failures="0" skipped="0" tests="47" time="259.675" timestamp="2026-05-01T10:13:07.625762+00:00" hostname="agent-env-bfb08310-cf09-46ef-8c9a-0bcbdb926530"><testcase classname="backend.tests.test_phase2_interlinked_fields.TestPhase2InterlinkedFields" name="test_01_code_review_value_key_for_helper" time="0.001" /><testcase classname="backend.tests.test_phase2_interlinked_fields.TestPhase2InterlinkedFields" name="test_02_code_review_two_way_direction_handling" time="0.001" /><testcase classname="backend.tests.test_phase2_interlinked_fields.TestPhase2InterlinkedFields" name="test_03_code_review_two_way_cascade" time="0.000" /><testcase classname="backend.tests.test_phase2_interlinked_fields.TestPhase2InterlinkedFields" name="test_04_code_review_frontend_checkbox_radio_support" time="0.001" /><testcase classname="backend.tests.test_phase2_interlinked_fields.TestPhase2InterlinkedFields" name="test_05_code_review_frontend_direction_toggle" time="0.001" /><testcase classname="backend.tests.test_phase2_interlinked_fields.TestPhase2InterlinkedFields" name="test_06_code_review_frontend_reverse_fanout" time="0.000" /><testcase classname="backend.tests.test_phase2_interlinked_fields.TestPhase2InterlinkedFields" name="test_07_api_template_accepts_direction_field" time="12.835" /><testcase classname="backend.tests.test_phase2_interlinked_fields.TestPhase2InterlinkedFields" name="test_08_api_template_accepts_radio_linked_to" time="12.661" /><testcase classname="backend.tests.test_phase2_interlinked_fields.TestPhase2InterlinkedFields" name="test_09_regression_phase81_49_text_fanout_code" time="0.001" /><testcase classname="backend.tests.test_phase2_interlinked_fields.TestPhase2InterlinkedFields" name="test_10_code_review_logger_messages" time="0.000" /><testcase classname="backend.tests.test_phase2_interlinked_fields.TestPhase2InterlinkedFields" name="test_11_code_review_checkbox_fanout_handling" time="0.000" /><testcase classname="backend.tests.test_phase2_interlinked_fields.TestPhase2InterlinkedFields" name="test_12_code_review_readonly_blocks_reverse" time="0.000" /><testcase classname="backend.tests.test_phase2_interlinked_fields.TestPhase2FrontendUI" name="test_01_interlink_toggle_data_testid" time="0.001" /><testcase classname="backend.tests.test_phase2_interlinked_fields.TestPhase2FrontendUI" name="test_02_direction_toggle_data_testids" time="0.001" /><testcase classname="backend.tests.test_phase2_interlinked_fields.TestPhase2FrontendUI" name="test_03_linked_group_label_for_radio" time="0.000" /><testcase classname="backend.tests.test_phase2_interlinked_fields.TestPhase2FrontendUI" name="test_04_radio_group_dedupe_in_dropdown" time="0.000" /><testcase classname="backend.tests.test_phase2_interlinked_fields.TestPhase2FrontendUI" name="test_05_two_way_disables_readonly" time="0.000" /><testcase classname="backend.tests.test_phase2_interlinked_fields.TestPhase2FrontendUI" name="test_06_readonly_resets_direction_to_one_way" time="0.000" /><testcase classname="backend.tests.test_phase81_49_interlinked_fields.TestPhase8149InterlinkedFields" name="test_01_code_review_fanout_block_exists" time="0.000" /><testcase classname="backend.tests.test_phase81_49_interlinked_fields.TestPhase8149InterlinkedFields" name="test_02_code_review_frontend_fanout_function" time="0.000" /><testcase classname="backend.tests.test_phase81_49_interlinked_fields.TestPhase8149InterlinkedFields" name="test_03_code_review_interlink_ui_exists" time="0.000" /><testcase classname="backend.tests.test_phase81_49_interlinked_fields.TestPhase8149InterlinkedFields" name="test_04_regression_phase81_42_void_unvoid" time="33.843" /><testcase classname="backend.tests.test_phase81_49_interlinked_fields.TestPhase8149InterlinkedFields" name="test_05_regression_phase81_29_reminder_functions" time="0.000" /><testcase classname="backend.tests.test_phase81_49_interlinked_fields.TestPhase8149InterlinkedFields" name="test_06_regression_phase81_34_status_rollup" time="25.810" /><testcase classname="backend.tests.test_phase81_49_interlinked_fields.TestPhase8149InterlinkedFields" name="test_07_sign_with_fields_endpoint_exists" time="25.523" /><testcase classname="backend.tests.test_phase81_49_interlinked_fields.TestPhase8149InterlinkedFields" name="test_08_public_package_view_endpoint" time="24.755" /><testcase classname="backend.tests.test_phase81_50_interlink_dropdown.TestPhase81_50InterlinkDropdown" name="test_01_templates_api_returns_drafts_without_status_filter" time="5.321" /><testcase classname="backend.tests.test_phase81_50_interlink_dropdown.TestPhase81_50InterlinkDropdown" name="test_02_create_template_with_text_field" time="8.038" /><testcase classname="backend.tests.test_phase81_50_interlink_dropdown.TestPhase81_50InterlinkDropdown" name="test_03_create_target_template_with_linked_field" time="11.738" /><testcase classname="backend.tests.test_phase81_50_interlink_dropdown.TestPhase81_50InterlinkDropdown" name="test_04_update_template_preserves_linked_to" time="14.264" /><testcase classname="backend.tests.test_phase81_50_interlink_dropdown.TestPhase81_50InterlinkDropdown" name="test_05_interlink_dropdown_shows_all_templates" time="9.104" /><testcase classname="backend.tests.test_phase81_50_interlink_dropdown.TestPhase81_50InterlinkDropdown" name="test_06_package_with_interlinked_templates" time="15.045" /><testcase classname="backend.tests.test_phase81_50_interlink_dropdown.TestPhase81_50InterlinkDropdown" name="test_07_verify_backend_fanout_code_exists" time="4.299" /><testcase classname="backend.tests.test_phase81_50_interlink_dropdown.TestPhase81_50InterlinkDropdown" name="test_08_verify_frontend_fanout_code_exists" time="4.289" /><testcase classname="backend.tests.test_phase81_50_interlink_dropdown.TestPhase81_50InterlinkDropdown" name="test_09_verify_interlink_ui_code_exists" time="4.331" /><testcase classname="backend.tests.test_phase81_51_interlink_badge_showlabel.TestPhase8151InterlinkBadgeShowLabel" name="test_01_create_template_with_showLabelInPreview_false" time="5.257" /><testcase classname="backend.tests.test_phase81_51_interlink_badge_showlabel.TestPhase8151InterlinkBadgeShowLabel" name="test_02_get_template_returns_showLabelInPreview" time="6.347" /><testcase classname="backend.tests.test_phase81_51_interlink_badge_showlabel.TestPhase8151InterlinkBadgeShowLabel" name="test_03_update_template_with_showLabelInPreview" time="7.807" /><testcase classname="backend.tests.test_phase81_51_interlink_badge_showlabel.TestPhase8151InterlinkBadgeShowLabel" name="test_04_template_without_showLabelInPreview_defaults_to_visible" time="6.307" /><testcase classname="backend.tests.test_phase81_51_interlink_badge_showlabel.TestPhase8151InterlinkBadgeShowLabel" name="test_05_linked_to_and_showLabelInPreview_coexist" time="6.364" /><testcase classname="backend.tests.test_phase81_51_interlink_badge_showlabel.TestPhase8151InterlinkBadgeShowLabel" name="test_06_showLabelInPreview_true_explicit" time="6.300" /><testcase classname="backend.tests.test_phase81_51_interlink_badge_showlabel.TestPhase8151InterlinkBadgeShowLabel" name="test_07_code_review_frontend_interlink_badge_canvas" time="1.560" /><testcase classname="backend.tests.test_phase81_51_interlink_badge_showlabel.TestPhase8151InterlinkBadgeShowLabel" name="test_08_code_review_frontend_interlink_badge_placed_list" time="1.552" /><testcase classname="backend.tests.test_phase81_51_interlink_badge_showlabel.TestPhase8151InterlinkBadgeShowLabel" name="test_09_code_review_frontend_interlink_badge_signer" time="1.559" /><testcase classname="backend.tests.test_phase81_51_interlink_badge_showlabel.TestPhase8151InterlinkBadgeShowLabel" name="test_10_code_review_frontend_show_label_checkbox" time="1.584" /><testcase classname="backend.tests.test_phase81_51_interlink_badge_showlabel.TestPhase8151InterlinkBadgeShowLabel" name="test_11_code_review_frontend_visible_label_signer" time="1.557" /><testcase classname="backend.tests.test_phase81_51_interlink_badge_showlabel.TestPhase8151InterlinkBadgeShowLabel" name="test_12_regression_phase81_49_fanout_code_exists" time="1.537" /></testsuite></testsuites>