<?xml version="1.0" encoding="utf-8"?><testsuites name="pytest tests"><testsuite name="pytest" errors="0" failures="0" skipped="0" tests="16" time="16.523" timestamp="2026-04-20T09:14:09.835871+00:00" hostname="agent-env-bfb08310-cf09-46ef-8c9a-0bcbdb926530"><testcase classname="tests.test_docflow_phase53.TestDocFlowHealth" name="test_api_health" time="5.673" /><testcase classname="tests.test_docflow_phase53.TestDocFlowHealth" name="test_docflow_templates_endpoint" time="0.165" /><testcase classname="tests.test_docflow_phase53.TestPackagePublicEndpoints" name="test_package_status_endpoint_not_found" time="2.534" /><testcase classname="tests.test_docflow_phase53.TestPackagePublicEndpoints" name="test_package_public_view_not_found" time="0.344" /><testcase classname="tests.test_docflow_phase53.TestTemplateFieldPlacements" name="test_field_placements_public_endpoint" time="0.630" /><testcase classname="tests.test_docflow_phase53.TestDocumentPublicEndpoints" name="test_document_public_not_found" time="0.346" /><testcase classname="tests.test_docflow_phase53.TestAuthenticatedDocFlowEndpoints" name="test_templates_list_authenticated" time="3.765" /><testcase classname="tests.test_docflow_phase53.TestAuthenticatedDocFlowEndpoints" name="test_packages_list_authenticated" time="3.009" /><testcase classname="tests.test_docflow_phase53.TestDateFormatPropagation" name="test_date_formats_supported" time="0.000" /><testcase classname="tests.test_docflow_phase53.TestRadioFieldDefaults" name="test_radio_field_structure" time="0.000" /><testcase classname="tests.test_docflow_phase53.TestSignatureAlignment" name="test_signature_alignment_options" time="0.000" /><testcase classname="tests.test_docflow_phase53.TestConfirmSubmitDialog" name="test_confirm_dialog_props" time="0.000" /><testcase classname="tests.test_docflow_phase53.TestConfirmSubmitDialog" name="test_confirm_tones" time="0.000" /><testcase classname="tests.test_docflow_phase53.TestBackendRadioEmbed" name="test_radio_embed_logic" time="0.000" /><testcase classname="tests.test_docflow_phase53.TestMergeFieldTyping" name="test_merge_field_fallback_input" time="0.000" /><testcase classname="tests.test_docflow_phase53.TestSignatureModalReset" name="test_modal_reset_on_open" time="0.000" /></testsuite></testsuites>