<?xml version="1.0" encoding="utf-8"?><testsuites name="pytest tests"><testsuite name="pytest" errors="0" failures="0" skipped="0" tests="8" time="89.053" timestamp="2026-04-30T15:03:59.403172+00:00" hostname="agent-env-bfb08310-cf09-46ef-8c9a-0bcbdb926530"><testcase classname="backend.tests.test_phase81_49_interlinked_fields.TestPhase8149InterlinkedFields" name="test_01_code_review_fanout_block_exists" time="0.001" /><testcase classname="backend.tests.test_phase81_49_interlinked_fields.TestPhase8149InterlinkedFields" name="test_02_code_review_frontend_fanout_function" time="0.001" /><testcase classname="backend.tests.test_phase81_49_interlinked_fields.TestPhase8149InterlinkedFields" name="test_03_code_review_interlink_ui_exists" time="0.001" /><testcase classname="backend.tests.test_phase81_49_interlinked_fields.TestPhase8149InterlinkedFields" name="test_04_regression_phase81_42_void_unvoid" time="31.971" /><testcase classname="backend.tests.test_phase81_49_interlinked_fields.TestPhase8149InterlinkedFields" name="test_05_regression_phase81_29_reminder_functions" time="0.001" /><testcase classname="backend.tests.test_phase81_49_interlinked_fields.TestPhase8149InterlinkedFields" name="test_06_regression_phase81_34_status_rollup" time="18.494" /><testcase classname="backend.tests.test_phase81_49_interlinked_fields.TestPhase8149InterlinkedFields" name="test_07_sign_with_fields_endpoint_exists" time="19.188" /><testcase classname="backend.tests.test_phase81_49_interlinked_fields.TestPhase8149InterlinkedFields" name="test_08_public_package_view_endpoint" time="19.327" /></testsuite></testsuites>