<?xml version="1.0" encoding="utf-8"?><testsuites name="pytest tests"><testsuite name="pytest" errors="0" failures="0" skipped="0" tests="12" time="53.816" timestamp="2026-05-01T09:03:34.192704+00:00" hostname="agent-env-bfb08310-cf09-46ef-8c9a-0bcbdb926530"><testcase classname="backend.tests.test_phase81_51_interlink_badge_showlabel.TestPhase8151InterlinkBadgeShowLabel" name="test_01_create_template_with_showLabelInPreview_false" time="13.190" /><testcase classname="backend.tests.test_phase81_51_interlink_badge_showlabel.TestPhase8151InterlinkBadgeShowLabel" name="test_02_get_template_returns_showLabelInPreview" time="6.072" /><testcase classname="backend.tests.test_phase81_51_interlink_badge_showlabel.TestPhase8151InterlinkBadgeShowLabel" name="test_03_update_template_with_showLabelInPreview" time="7.406" /><testcase classname="backend.tests.test_phase81_51_interlink_badge_showlabel.TestPhase8151InterlinkBadgeShowLabel" name="test_04_template_without_showLabelInPreview_defaults_to_visible" time="5.993" /><testcase classname="backend.tests.test_phase81_51_interlink_badge_showlabel.TestPhase8151InterlinkBadgeShowLabel" name="test_05_linked_to_and_showLabelInPreview_coexist" time="6.077" /><testcase classname="backend.tests.test_phase81_51_interlink_badge_showlabel.TestPhase8151InterlinkBadgeShowLabel" name="test_06_showLabelInPreview_true_explicit" time="5.981" /><testcase classname="backend.tests.test_phase81_51_interlink_badge_showlabel.TestPhase8151InterlinkBadgeShowLabel" name="test_07_code_review_frontend_interlink_badge_canvas" time="1.530" /><testcase classname="backend.tests.test_phase81_51_interlink_badge_showlabel.TestPhase8151InterlinkBadgeShowLabel" name="test_08_code_review_frontend_interlink_badge_placed_list" time="1.480" /><testcase classname="backend.tests.test_phase81_51_interlink_badge_showlabel.TestPhase8151InterlinkBadgeShowLabel" name="test_09_code_review_frontend_interlink_badge_signer" time="1.501" /><testcase classname="backend.tests.test_phase81_51_interlink_badge_showlabel.TestPhase8151InterlinkBadgeShowLabel" name="test_10_code_review_frontend_show_label_checkbox" time="1.473" /><testcase classname="backend.tests.test_phase81_51_interlink_badge_showlabel.TestPhase8151InterlinkBadgeShowLabel" name="test_11_code_review_frontend_visible_label_signer" time="1.545" /><testcase classname="backend.tests.test_phase81_51_interlink_badge_showlabel.TestPhase8151InterlinkBadgeShowLabel" name="test_12_regression_phase81_49_fanout_code_exists" time="1.494" /></testsuite></testsuites>