<?xml version="1.0" encoding="utf-8"?><testsuites name="pytest tests"><testsuite name="pytest" errors="0" failures="0" skipped="1" tests="17" time="23.944" timestamp="2026-04-22T15:28:46.754986+00:00" hostname="agent-env-bfb08310-cf09-46ef-8c9a-0bcbdb926530"><testcase classname="backend.tests.test_phase74_sender_info.TestPhase74SenderInfoBackend" name="test_01_auth_working" time="1.599" /><testcase classname="backend.tests.test_phase74_sender_info.TestPhase74SenderInfoBackend" name="test_02_resolve_sender_info_helper_exists" time="1.500" /><testcase classname="backend.tests.test_phase74_sender_info.TestPhase74SenderInfoBackend" name="test_03_document_public_endpoint_enriches_sender" time="1.514" /><testcase classname="backend.tests.test_phase74_sender_info.TestPhase74SenderInfoBackend" name="test_04_package_public_endpoint_enriches_sender" time="1.500" /><testcase classname="backend.tests.test_phase74_sender_info.TestPhase74SenderInfoBackend" name="test_05_sender_name_resolution_priority" time="1.518" /><testcase classname="backend.tests.test_phase74_sender_info.TestPhase74SenderInfoBackend" name="test_06_documents_list_endpoint_working" time="2.440" /><testcase classname="backend.tests.test_phase74_sender_info.TestPhase74SenderInfoBackend" name="test_07_find_document_with_public_token" time="2.459"><skipped type="pytest.skip" message="No documents with public_token">/app/backend/tests/test_phase74_sender_info.py:173: No documents with public_token</skipped></testcase><testcase classname="backend.tests.test_phase74_sender_info.TestPhase74FrontendCodeReview" name="test_01_public_document_view_sender_chip" time="0.000" /><testcase classname="backend.tests.test_phase74_sender_info.TestPhase74FrontendCodeReview" name="test_02_package_public_view_sender_chip" time="0.000" /><testcase classname="backend.tests.test_phase74_sender_info.TestPhase74FrontendCodeReview" name="test_03_visual_builder_auto_fit_zoom_max" time="0.000" /><testcase classname="backend.tests.test_phase74_sender_info.TestPhase74FrontendCodeReview" name="test_04_interactive_viewer_fill_in_anchor_logic" time="0.000" /><testcase classname="backend.tests.test_phase74_sender_info.TestPhase74FrontendCodeReview" name="test_05_fill_in_anchor_in_both_render_modes" time="0.000" /><testcase classname="backend.tests.test_phase74_sender_info.TestPhase74RegressionChecks" name="test_01_phase73_checkbox_centering_still_present" time="1.544" /><testcase classname="backend.tests.test_phase74_sender_info.TestPhase74RegressionChecks" name="test_02_phase73_radio_centering_still_present" time="1.497" /><testcase classname="backend.tests.test_phase74_sender_info.TestPhase74RegressionChecks" name="test_03_templates_endpoint_working" time="2.848" /><testcase classname="backend.tests.test_phase74_sender_info.TestPhase74RegressionChecks" name="test_04_login_flow_working" time="2.988" /><testcase classname="backend.tests.test_phase74_sender_info.TestPhase74RegressionChecks" name="test_05_document_listing_working" time="2.477" /></testsuite></testsuites>