<?xml version="1.0" encoding="utf-8"?><testsuites name="pytest tests"><testsuite name="pytest" errors="0" failures="0" skipped="0" tests="7" time="17.547" timestamp="2026-04-20T12:42:11.802150+00:00" hostname="agent-env-bfb08310-cf09-46ef-8c9a-0bcbdb926530"><testcase classname="backend.tests.test_phase57_validation.TestPhase57Validation" name="test_validation_returns_6_checks" time="2.477" /><testcase classname="backend.tests.test_phase57_validation.TestPhase57Validation" name="test_validation_categories_correct" time="2.333" /><testcase classname="backend.tests.test_phase57_validation.TestPhase57Validation" name="test_no_recipient_routing_mentions" time="2.370" /><testcase classname="backend.tests.test_phase57_validation.TestPhase57Validation" name="test_score_math_all_passing" time="2.347" /><testcase classname="backend.tests.test_phase57_validation.TestPhase57Validation" name="test_score_math_partial_passing" time="2.350" /><testcase classname="backend.tests.test_phase57_validation.TestPhase57Validation" name="test_check_ids_correct" time="2.424" /><testcase classname="backend.tests.test_phase57_validation.TestPhase57Validation" name="test_validation_deterministic" time="3.198" /></testsuite></testsuites>