<?xml version="1.0" encoding="utf-8"?><testsuites name="pytest tests"><testsuite name="pytest" errors="0" failures="0" skipped="0" tests="9" time="85.036" timestamp="2026-05-01T08:28:25.226051+00:00" hostname="agent-env-bfb08310-cf09-46ef-8c9a-0bcbdb926530"><testcase classname="backend.tests.test_phase81_50_interlink_dropdown.TestPhase81_50InterlinkDropdown" name="test_01_templates_api_returns_drafts_without_status_filter" time="13.093" /><testcase classname="backend.tests.test_phase81_50_interlink_dropdown.TestPhase81_50InterlinkDropdown" name="test_02_create_template_with_text_field" time="7.670" /><testcase classname="backend.tests.test_phase81_50_interlink_dropdown.TestPhase81_50InterlinkDropdown" name="test_03_create_target_template_with_linked_field" time="11.561" /><testcase classname="backend.tests.test_phase81_50_interlink_dropdown.TestPhase81_50InterlinkDropdown" name="test_04_update_template_preserves_linked_to" time="16.272" /><testcase classname="backend.tests.test_phase81_50_interlink_dropdown.TestPhase81_50InterlinkDropdown" name="test_05_interlink_dropdown_shows_all_templates" time="9.126" /><testcase classname="backend.tests.test_phase81_50_interlink_dropdown.TestPhase81_50InterlinkDropdown" name="test_06_package_with_interlinked_templates" time="14.900" /><testcase classname="backend.tests.test_phase81_50_interlink_dropdown.TestPhase81_50InterlinkDropdown" name="test_07_verify_backend_fanout_code_exists" time="4.054" /><testcase classname="backend.tests.test_phase81_50_interlink_dropdown.TestPhase81_50InterlinkDropdown" name="test_08_verify_frontend_fanout_code_exists" time="4.091" /><testcase classname="backend.tests.test_phase81_50_interlink_dropdown.TestPhase81_50InterlinkDropdown" name="test_09_verify_interlink_ui_code_exists" time="4.199" /></testsuite></testsuites>