<?xml version="1.0" encoding="utf-8"?><testsuites name="pytest tests"><testsuite name="pytest" errors="0" failures="0" skipped="9" tests="19" time="21.158" timestamp="2026-05-04T10:48:10.798152+00:00" hostname="agent-env-bfb08310-cf09-46ef-8c9a-0bcbdb926530"><testcase classname="tests.test_phase81_67_void.TestInternalDocumentVoid" name="test_void_document_success" time="10.006"><skipped type="pytest.skip" message="No suitable test document found">/app/backend/tests/test_phase81_67_void.py:94: No suitable test document found</skipped></testcase><testcase classname="tests.test_phase81_67_void.TestInternalDocumentVoid" name="test_void_document_idempotent" time="0.000"><skipped type="pytest.skip" message="No suitable test document found">/app/backend/tests/test_phase81_67_void.py:114: No suitable test document found</skipped></testcase><testcase classname="tests.test_phase81_67_void.TestInternalDocumentVoid" name="test_void_document_not_found" time="1.044" /><testcase classname="tests.test_phase81_67_void.TestInternalDocumentVoid" name="test_void_document_unauthorized" time="0.121" /><testcase classname="tests.test_phase81_67_void.TestPublicDocumentVoid" name="test_public_void_document_without_key" time="0.114" /><testcase classname="tests.test_phase81_67_void.TestPublicDocumentVoid" name="test_public_void_document_with_key" time="0.351"><skipped type="pytest.skip" message="API key generation failed: 500 - Internal Server Error">/app/backend/tests/test_phase81_67_void.py:178: API key generation failed: 500 - Internal Server Error</skipped></testcase><testcase classname="tests.test_phase81_67_void.TestPublicDocumentVoid" name="test_public_void_document_not_found" time="0.000"><skipped type="pytest.skip" message="API key generation failed: 500 - Internal Server Error">/app/backend/tests/test_phase81_67_void.py:197: API key generation failed: 500 - Internal Server Error</skipped></testcase><testcase classname="tests.test_phase81_67_void.TestPublicPackageVoid" name="test_public_void_package_without_key" time="0.107" /><testcase classname="tests.test_phase81_67_void.TestPublicPackageVoid" name="test_public_void_package_with_key" time="0.000"><skipped type="pytest.skip" message="API key generation failed: 500 - Internal Server Error">/app/backend/tests/test_phase81_67_void.py:225: API key generation failed: 500 - Internal Server Error</skipped></testcase><testcase classname="tests.test_phase81_67_void.TestPublicPackageVoid" name="test_public_void_package_not_found" time="0.000"><skipped type="pytest.skip" message="API key generation failed: 500 - Internal Server Error">/app/backend/tests/test_phase81_67_void.py:245: API key generation failed: 500 - Internal Server Error</skipped></testcase><testcase classname="tests.test_phase81_67_void.TestVoidedDocumentPublicAccess" name="test_voided_document_returns_410" time="2.891" /><testcase classname="tests.test_phase81_67_void.TestVoidedPackagePublicAccess" name="test_voided_package_returns_410" time="1.472"><skipped type="pytest.skip" message="No voided package with public token found">/app/backend/tests/test_phase81_67_void.py:339: No voided package with public token found</skipped></testcase><testcase classname="tests.test_phase81_67_void.TestDocumentDetailVoidFields" name="test_detail_includes_void_fields" time="2.315" /><testcase classname="tests.test_phase81_67_void.TestSigningBlockedOnVoidedDocument" name="test_sign_blocked_on_voided_document" time="1.635" /><testcase classname="tests.test_phase81_67_void.TestAuditLogEntries" name="test_document_voided_audit_entry" time="0.000" /><testcase classname="tests.test_phase81_67_void.TestAuditLogEntries" name="test_package_voided_audit_entry" time="0.000" /><testcase classname="tests.test_phase81_67_void.TestEndpointAvailability" name="test_internal_void_endpoint_exists" time="1.029" /><testcase classname="tests.test_phase81_67_void.TestEndpointAvailability" name="test_public_document_void_endpoint_exists" time="0.000"><skipped type="pytest.skip" message="API key generation failed: 500 - Internal Server Error">/app/backend/tests/test_phase81_67_void.py:485: API key generation failed: 500 - Internal Server Error</skipped></testcase><testcase classname="tests.test_phase81_67_void.TestEndpointAvailability" name="test_public_package_void_endpoint_exists" time="0.000"><skipped type="pytest.skip" message="API key generation failed: 500 - Internal Server Error">/app/backend/tests/test_phase81_67_void.py:500: API key generation failed: 500 - Internal Server Error</skipped></testcase></testsuite></testsuites>