<?xml version="1.0" encoding="utf-8"?><testsuites name="pytest tests"><testsuite name="pytest" errors="0" failures="0" skipped="4" tests="13" time="17.476" timestamp="2026-05-04T16:38:37.879649+00:00" hostname="agent-env-bfb08310-cf09-46ef-8c9a-0bcbdb926530"><testcase classname="backend.tests.test_phase81_77_submission_downloads.TestPhase8177SubmissionDownloads" name="test_list_submission_documents_requires_auth" time="6.273" /><testcase classname="backend.tests.test_phase81_77_submission_downloads.TestPhase8177SubmissionDownloads" name="test_download_submission_document_requires_auth" time="0.206" /><testcase classname="backend.tests.test_phase81_77_submission_downloads.TestPhase8177SubmissionDownloads" name="test_download_submission_combined_requires_auth" time="0.157" /><testcase classname="backend.tests.test_phase81_77_submission_downloads.TestPhase8177SubmissionDownloads" name="test_list_submission_documents_invalid_run_404" time="2.569" /><testcase classname="backend.tests.test_phase81_77_submission_downloads.TestPhase8177SubmissionDownloads" name="test_download_submission_document_invalid_run_404" time="1.076" /><testcase classname="backend.tests.test_phase81_77_submission_downloads.TestPhase8177SubmissionDownloads" name="test_download_submission_combined_invalid_run_404" time="1.044" /><testcase classname="backend.tests.test_phase81_77_submission_downloads.TestPhase8177SubmissionDownloads" name="test_list_submission_documents_success" time="1.296"><skipped type="pytest.skip" message="No packages found in tenant">/app/backend/tests/test_phase81_77_submission_downloads.py:153: No packages found in tenant</skipped></testcase><testcase classname="backend.tests.test_phase81_77_submission_downloads.TestPhase8177SubmissionDownloads" name="test_download_submission_combined_success" time="0.000"><skipped type="pytest.skip" message="No packages found in tenant">/app/backend/tests/test_phase81_77_submission_downloads.py:174: No packages found in tenant</skipped></testcase><testcase classname="backend.tests.test_phase81_77_submission_downloads.TestPhase8177SubmissionDownloads" name="test_download_submission_document_success" time="0.000"><skipped type="pytest.skip" message="No packages found in tenant">/app/backend/tests/test_phase81_77_submission_downloads.py:200: No packages found in tenant</skipped></testcase><testcase classname="backend.tests.test_phase81_77_submission_downloads.TestPhase8177SubmissionDownloads" name="test_download_submission_document_invalid_doc_404" time="0.000"><skipped type="pytest.skip" message="No packages found in tenant">/app/backend/tests/test_phase81_77_submission_downloads.py:242: No packages found in tenant</skipped></testcase><testcase classname="backend.tests.test_phase81_77_submission_downloads.TestPhase8177EndpointStructure" name="test_endpoint_exists_list_documents" time="2.679" /><testcase classname="backend.tests.test_phase81_77_submission_downloads.TestPhase8177EndpointStructure" name="test_endpoint_exists_download_document" time="1.034" /><testcase classname="backend.tests.test_phase81_77_submission_downloads.TestPhase8177EndpointStructure" name="test_endpoint_exists_download_combined" time="1.077" /></testsuite></testsuites>