<?xml version="1.0" encoding="utf-8"?><testsuites name="pytest tests"><testsuite name="pytest" errors="0" failures="0" skipped="0" tests="18" time="35.588" timestamp="2026-04-30T08:44:48.251442+00:00" hostname="agent-env-bfb08310-cf09-46ef-8c9a-0bcbdb926530"><testcase classname="backend.tests.test_phase81_34_status_rollup.TestPhase81_34_StatusRollup" name="test_list_documents_endpoint_accessible" time="9.527" /><testcase classname="backend.tests.test_phase81_34_status_rollup.TestPhase81_34_StatusRollup" name="test_document_detail_endpoint_accessible" time="2.353" /><testcase classname="backend.tests.test_phase81_34_status_rollup.TestPhase81_34_StatusFilters" name="test_filter_all" time="1.301" /><testcase classname="backend.tests.test_phase81_34_status_rollup.TestPhase81_34_StatusFilters" name="test_filter_generated" time="2.421" /><testcase classname="backend.tests.test_phase81_34_status_rollup.TestPhase81_34_StatusFilters" name="test_filter_sent" time="1.134" /><testcase classname="backend.tests.test_phase81_34_status_rollup.TestPhase81_34_StatusFilters" name="test_filter_viewed" time="1.035" /><testcase classname="backend.tests.test_phase81_34_status_rollup.TestPhase81_34_StatusFilters" name="test_filter_in_progress" time="1.035" /><testcase classname="backend.tests.test_phase81_34_status_rollup.TestPhase81_34_StatusFilters" name="test_filter_pending" time="1.056" /><testcase classname="backend.tests.test_phase81_34_status_rollup.TestPhase81_34_StatusFilters" name="test_filter_signed" time="1.034" /><testcase classname="backend.tests.test_phase81_34_status_rollup.TestPhase81_34_StatusFilters" name="test_filter_completed" time="1.034" /><testcase classname="backend.tests.test_phase81_34_status_rollup.TestPhase81_34_StatusFilters" name="test_filter_voided" time="1.070" /><testcase classname="backend.tests.test_phase81_34_status_rollup.TestPhase81_34_Search" name="test_search_by_document_id" time="2.150" /><testcase classname="backend.tests.test_phase81_34_status_rollup.TestPhase81_34_Search" name="test_search_by_template_name" time="2.296" /><testcase classname="backend.tests.test_phase81_34_status_rollup.TestPhase81_34_Search" name="test_search_by_recipient_email" time="2.227" /><testcase classname="backend.tests.test_phase81_34_status_rollup.TestPhase81_34_Search" name="test_search_by_recipient_name" time="2.347" /><testcase classname="backend.tests.test_phase81_34_status_rollup.TestPhase81_34_RollupCounters" name="test_list_documents_rollup_fields" time="1.018" /><testcase classname="backend.tests.test_phase81_34_status_rollup.TestPhase81_34_RollupCounters" name="test_terminal_done_states_counted_as_signed" time="1.240" /><testcase classname="backend.tests.test_phase81_34_status_rollup.TestPhase81_34_AggregateStatus" name="test_aggregate_status_completed_when_all_terminal" time="1.242" /></testsuite></testsuites>