<?xml version="1.0" encoding="utf-8"?><testsuites name="pytest tests"><testsuite name="pytest" errors="0" failures="0" skipped="0" tests="11" time="35.964" timestamp="2026-04-20T12:17:09.316645+00:00" hostname="agent-env-bfb08310-cf09-46ef-8c9a-0bcbdb926530"><testcase classname="tests.test_phase56_fixes.TestPhase56RadioNoLabel" name="test_radio_field_structure_in_template" time="9.025" /><testcase classname="tests.test_phase56_fixes.TestPhase56SignatureAspectAlign" name="test_signature_alignment_options" time="8.917" /><testcase classname="tests.test_phase56_fixes.TestPhase56DateAlignment" name="test_date_field_alignment" time="8.832" /><testcase classname="tests.test_phase56_fixes.TestPhase56FieldSizeParity" name="test_field_dimensions_preserved" time="7.227" /><testcase classname="tests.test_phase56_fixes.TestPhase56PublicDocumentView" name="test_public_document_endpoint" time="1.915" /><testcase classname="tests.test_phase56_fixes.TestPhase56BackendCodeReview" name="test_backend_radio_no_label_code" time="0.001" /><testcase classname="tests.test_phase56_fixes.TestPhase56BackendCodeReview" name="test_backend_signature_aspect_fit_code" time="0.000" /><testcase classname="tests.test_phase56_fixes.TestPhase56BackendCodeReview" name="test_frontend_radio_no_label_code" time="0.000" /><testcase classname="tests.test_phase56_fixes.TestPhase56BackendCodeReview" name="test_frontend_signature_alignment_code" time="0.000" /><testcase classname="tests.test_phase56_fixes.TestPhase56BackendCodeReview" name="test_frontend_page_sync_code" time="0.000" /><testcase classname="tests.test_phase56_fixes.TestPhase56BackendCodeReview" name="test_pdf_lib_signature_aspect_fit" time="0.000" /></testsuite></testsuites>