<?xml version="1.0" encoding="utf-8"?><testsuites name="pytest tests"><testsuite name="pytest" errors="0" failures="0" skipped="1" tests="23" time="43.046" timestamp="2026-04-27T09:11:00.599852+00:00" hostname="agent-env-bfb08310-cf09-46ef-8c9a-0bcbdb926530"><testcase classname="tests.test_phase81_final_readiness.TestDocxUpload" name="test_01_docx_upload_success" time="2.891" /><testcase classname="tests.test_phase81_final_readiness.TestDocxUpload" name="test_02_doc_upload_success" time="1.134" /><testcase classname="tests.test_phase81_final_readiness.TestDocxUpload" name="test_03_txt_upload_rejected" time="0.793" /><testcase classname="tests.test_phase81_final_readiness.TestDocxUpload" name="test_04_png_upload_rejected" time="0.800" /><testcase classname="tests.test_phase81_final_readiness.TestSMSModeValidation" name="test_05_sms_mode_missing_phone_rejected" time="1.836" /><testcase classname="tests.test_phase81_final_readiness.TestSMSModeValidation" name="test_06_sms_mode_with_valid_phones_accepted" time="8.684" /><testcase classname="tests.test_phase81_final_readiness.TestSMSOTPEndpoints" name="test_07_send_otp_stub_mode" time="10.033" /><testcase classname="tests.test_phase81_final_readiness.TestSMSOTPEndpoints" name="test_08_verify_otp_wrong_code" time="1.149" /><testcase classname="tests.test_phase81_final_readiness.TestSMSOTPEndpoints" name="test_09_verify_otp_correct_code" time="0.655"><skipped type="pytest.skip" message="Could not retrieve OTP from database">/app/backend/tests/test_phase81_final_readiness.py:392: Could not retrieve OTP from database</skipped></testcase><testcase classname="tests.test_phase81_final_readiness.TestSMSOTPEndpoints" name="test_10_public_endpoint_shows_sms_required" time="2.651" /><testcase classname="tests.test_phase81_final_readiness.TestSMSVerificationRequired" name="test_11_sign_blocked_without_sms_verification" time="10.162" /><testcase classname="tests.test_phase81_final_readiness.TestWebhookPayloadEnrichment" name="test_12_webhook_service_derives_merge_fields" time="0.000" /><testcase classname="tests.test_phase81_final_readiness.TestWebhookPayloadEnrichment" name="test_13_webhook_payload_structure" time="0.000" /><testcase classname="tests.test_phase81_final_readiness.TestVerificationIdStamping" name="test_14_verification_id_last_page_only" time="0.000" /><testcase classname="tests.test_phase81_final_readiness.TestVerificationIdStamping" name="test_15_verification_id_unit_test" time="0.118" /><testcase classname="tests.test_phase81_final_readiness.TestCheckboxRadioCentering" name="test_16_checkbox_centering_formula" time="0.000" /><testcase classname="tests.test_phase81_final_readiness.TestCheckboxRadioCentering" name="test_17_radio_centering_formula" time="0.000" /><testcase classname="tests.test_phase81_final_readiness.TestSMSServiceStubMode" name="test_18_sms_service_stub_detection" time="0.000" /><testcase classname="tests.test_phase81_final_readiness.TestSMSServiceStubMode" name="test_19_sms_service_functions_exist" time="0.001" /><testcase classname="tests.test_phase81_final_readiness.TestDocumentModel" name="test_20_recipient_model_has_phone_fields" time="0.000" /><testcase classname="tests.test_phase81_final_readiness.TestDocumentModel" name="test_21_document_generate_has_sms_mode" time="0.000" /><testcase classname="tests.test_phase81_final_readiness.TestAPIEndpointHealth" name="test_22_templates_endpoint_working" time="1.034" /><testcase classname="tests.test_phase81_final_readiness.TestAPIEndpointHealth" name="test_23_documents_endpoint_working" time="1.038" /></testsuite></testsuites>