<?xml version="1.0" encoding="utf-8"?><testsuites name="pytest tests"><testsuite name="pytest" errors="0" failures="0" skipped="1" tests="24" time="13.924" timestamp="2026-04-23T09:51:50.409907+00:00" hostname="agent-env-bfb08310-cf09-46ef-8c9a-0bcbdb926530"><testcase classname="tests.test_phase76_verification_id.TestPhase76VerificationIdCodeReview" name="test_01_pdf_overlay_service_accepts_verification_params" time="0.047" /><testcase classname="tests.test_phase76_verification_id.TestPhase76VerificationIdCodeReview" name="test_02_pdf_overlay_service_stamps_verification_id" time="0.000" /><testcase classname="tests.test_phase76_verification_id.TestPhase76VerificationIdCodeReview" name="test_03_document_service_passes_template_verification_id" time="0.000" /><testcase classname="tests.test_phase76_verification_id.TestPhase76VerificationIdCodeReview" name="test_04_package_public_routes_stamps_package_verification_id" time="0.000" /><testcase classname="tests.test_phase76_verification_id.TestPhase76VerificationIdCodeReview" name="test_05_package_public_link_routes_stamps_package_verification_id" time="0.000" /><testcase classname="tests.test_phase76_verification_id.TestPhase76VerificationIdUnit" name="test_06_overlay_service_stamps_on_single_page_pdf" time="0.010" /><testcase classname="tests.test_phase76_verification_id.TestPhase76VerificationIdUnit" name="test_07_overlay_service_stamps_on_multi_page_pdf" time="0.009" /><testcase classname="tests.test_phase76_verification_id.TestPhase73CenteringRegression" name="test_08_checkbox_centering_in_pdf_overlay_service" time="0.000" /><testcase classname="tests.test_phase76_verification_id.TestPhase73CenteringRegression" name="test_09_radio_centering_in_pdf_overlay_service" time="0.000" /><testcase classname="tests.test_phase76_verification_id.TestPhase73CenteringRegression" name="test_10_checkbox_centering_in_package_public_routes" time="0.000" /><testcase classname="tests.test_phase76_verification_id.TestPhase73CenteringRegression" name="test_11_radio_centering_in_package_public_routes" time="0.000" /><testcase classname="tests.test_phase76_verification_id.TestPhase73CenteringRegression" name="test_12_checkbox_centering_in_package_public_link_routes" time="0.000" /><testcase classname="tests.test_phase76_verification_id.TestPhase73CenteringRegression" name="test_13_radio_centering_in_package_public_link_routes" time="0.000" /><testcase classname="tests.test_phase76_verification_id.TestPhase74SenderChipRegression" name="test_14_sender_info_in_package_public_routes" time="0.000" /><testcase classname="tests.test_phase76_verification_id.TestPhase74SenderChipRegression" name="test_15_sender_info_api_response" time="8.932"><skipped type="pytest.skip" message="No package with public_token found">/app/backend/tests/test_phase76_verification_id.py:313: No package with public_token found</skipped></testcase><testcase classname="tests.test_phase76_verification_id.TestPhase76FrontendCodeReview" name="test_16_visual_builder_responsive_panels" time="0.001" /><testcase classname="tests.test_phase76_verification_id.TestPhase76FrontendCodeReview" name="test_17_visual_builder_auto_zoom_cap_raised" time="0.000" /><testcase classname="tests.test_phase76_verification_id.TestPhase76FrontendCodeReview" name="test_18_template_editor_container_width" time="0.001" /><testcase classname="tests.test_phase76_verification_id.TestPhase76FrontendCodeReview" name="test_19_radio_group_required_propagation" time="0.000" /><testcase classname="tests.test_phase76_verification_id.TestPhase76FrontendCodeReview" name="test_20_radio_group_required_ui_reflects_or_state" time="0.000" /><testcase classname="tests.test_phase76_verification_id.TestPhase76FrontendCodeReview" name="test_21_guided_fill_in_radio_group_required" time="0.000" /><testcase classname="tests.test_phase76_verification_id.TestPhase76APIIntegration" name="test_22_templates_endpoint_working" time="2.204" /><testcase classname="tests.test_phase76_verification_id.TestPhase76APIIntegration" name="test_23_documents_endpoint_working" time="1.040" /><testcase classname="tests.test_phase76_verification_id.TestPhase76APIIntegration" name="test_24_packages_endpoint_working" time="1.541" /></testsuite></testsuites>