<?xml version="1.0" encoding="utf-8"?><testsuites name="pytest tests"><testsuite name="pytest" errors="0" failures="0" skipped="0" tests="20" time="20.999" timestamp="2026-05-05T09:34:18.482435+00:00" hostname="agent-env-bfb08310-cf09-46ef-8c9a-0bcbdb926530"><testcase classname="backend.tests.test_phase81_80_content_config.TestPublicContentConfigEndpoint" name="test_public_endpoint_no_params_returns_defaults" time="0.168" /><testcase classname="backend.tests.test_phase81_80_content_config.TestPublicContentConfigEndpoint" name="test_public_endpoint_with_package_id_resolves_tenant" time="1.059" /><testcase classname="backend.tests.test_phase81_80_content_config.TestPublicContentConfigEndpoint" name="test_public_endpoint_with_invalid_package_id_returns_defaults" time="0.338" /><testcase classname="backend.tests.test_phase81_80_content_config.TestAuthContentConfigEndpoints" name="test_get_all_sections_without_auth_returns_403" time="0.097" /><testcase classname="backend.tests.test_phase81_80_content_config.TestAuthContentConfigEndpoints" name="test_get_all_sections_with_auth" time="3.110" /><testcase classname="backend.tests.test_phase81_80_content_config.TestAuthContentConfigEndpoints" name="test_get_single_section_consent_disclosure" time="1.069" /><testcase classname="backend.tests.test_phase81_80_content_config.TestAuthContentConfigEndpoints" name="test_get_single_section_review_continue" time="1.082" /><testcase classname="backend.tests.test_phase81_80_content_config.TestAuthContentConfigEndpoints" name="test_get_single_section_sms_disclaimer" time="1.070" /><testcase classname="backend.tests.test_phase81_80_content_config.TestAuthContentConfigEndpoints" name="test_get_invalid_section_type_returns_400" time="0.822" /><testcase classname="backend.tests.test_phase81_80_content_config.TestAuthContentConfigEndpoints" name="test_get_defaults_endpoint" time="0.822" /><testcase classname="backend.tests.test_phase81_80_content_config.TestUpdateContentConfig" name="test_put_without_auth_returns_403" time="0.101" /><testcase classname="backend.tests.test_phase81_80_content_config.TestUpdateContentConfig" name="test_put_update_section_and_verify_persistence" time="2.395" /><testcase classname="backend.tests.test_phase81_80_content_config.TestUpdateContentConfig" name="test_put_invalid_section_type_returns_400" time="0.860" /><testcase classname="backend.tests.test_phase81_80_content_config.TestUpdateContentConfig" name="test_put_empty_content_returns_400" time="0.820" /><testcase classname="backend.tests.test_phase81_80_content_config.TestResetContentConfig" name="test_reset_without_auth_returns_403" time="0.101" /><testcase classname="backend.tests.test_phase81_80_content_config.TestResetContentConfig" name="test_reset_restores_default_content" time="3.702" /><testcase classname="backend.tests.test_phase81_80_content_config.TestResetContentConfig" name="test_reset_invalid_section_type_returns_400" time="0.824" /><testcase classname="backend.tests.test_phase81_80_content_config.TestContentConfigDefaults" name="test_consent_disclosure_default_has_variable_placeholders" time="0.823" /><testcase classname="backend.tests.test_phase81_80_content_config.TestContentConfigDefaults" name="test_review_continue_default_has_variable_placeholders" time="0.827" /><testcase classname="backend.tests.test_phase81_80_content_config.TestContentConfigDefaults" name="test_sms_disclaimer_default_has_phone_placeholder" time="0.850" /></testsuite></testsuites>