<?xml version="1.0" encoding="utf-8"?><testsuites name="pytest tests"><testsuite name="pytest" errors="0" failures="0" skipped="0" tests="17" time="39.199" timestamp="2026-04-29T16:04:00.332056+00:00" hostname="agent-env-bfb08310-cf09-46ef-8c9a-0bcbdb926530"><testcase classname="tests.test_reminder_scheduler.TestReminderSchedulerIntegration" name="test_01_generate_links_with_reminder_enabled_persists_config" time="14.437" /><testcase classname="tests.test_reminder_scheduler.TestReminderSchedulerIntegration" name="test_02_verify_reminder_config_persisted_in_docflow_documents" time="9.690" /><testcase classname="tests.test_reminder_scheduler.TestReminderSchedulerIntegration" name="test_03_normalize_reminder_config_public_api_style" time="0.001" /><testcase classname="tests.test_reminder_scheduler.TestReminderSchedulerIntegration" name="test_04_initial_reminder_state_computation" time="0.000" /><testcase classname="tests.test_reminder_scheduler.TestReminderSchedulerIntegration" name="test_05_add_interval_various_units" time="0.000" /><testcase classname="tests.test_reminder_scheduler.TestReminderSchedulerIntegration" name="test_06_scheduler_tick_scans_docflow_documents" time="0.002" /><testcase classname="tests.test_reminder_scheduler.TestReminderSchedulerIntegration" name="test_07_process_run_writes_to_correct_collection" time="0.001" /><testcase classname="tests.test_reminder_scheduler.TestReminderSchedulerIntegration" name="test_08_cancel_recipient_reminders_targets_both_collections" time="0.000" /><testcase classname="tests.test_reminder_scheduler.TestReminderSchedulerIntegration" name="test_09_cancel_run_reminders_targets_both_collections" time="0.001" /><testcase classname="tests.test_reminder_scheduler.TestReminderSchedulerIntegration" name="test_10_soft_cancel_when_recipient_completed" time="0.001" /><testcase classname="tests.test_reminder_scheduler.TestReminderSchedulerIntegration" name="test_11_send_reminder_url_routing" time="0.001" /><testcase classname="tests.test_reminder_scheduler.TestReminderSchedulerIntegration" name="test_12_document_service_persists_reminder_config" time="0.213" /><testcase classname="tests.test_reminder_scheduler.TestReminderSchedulerIntegration" name="test_13_generate_links_routes_builds_reminder_config" time="0.376" /><testcase classname="tests.test_reminder_scheduler.TestReminderSchedulerIntegration" name="test_14_generate_links_with_daily_reminder_preset" time="7.200" /><testcase classname="tests.test_reminder_scheduler.TestReminderSchedulerIntegration" name="test_15_generate_links_with_weekly_reminder_preset" time="7.214" /><testcase classname="tests.test_reminder_scheduler.TestReminderSchedulerIntegration" name="test_16_reminder_config_validation_invalid_unit" time="0.000" /><testcase classname="tests.test_reminder_scheduler.TestReminderSchedulerIntegration" name="test_17_reminder_config_validation_zero_value" time="0.000" /></testsuite></testsuites>