<?xml version="1.0" encoding="utf-8"?><testsuites name="pytest tests"><testsuite name="pytest" errors="0" failures="0" skipped="0" tests="8" time="33.464" timestamp="2026-04-17T15:40:00.684143+00:00" hostname="agent-env-bfb08310-cf09-46ef-8c9a-0bcbdb926530"><testcase classname="backend.tests.test_validation_api.TestValidationAPI" name="test_validate_object_empty_body_returns_8_checks" time="12.952" /><testcase classname="backend.tests.test_validation_api.TestValidationAPI" name="test_validate_object_fully_configured_salesforce_100_percent" time="2.529" /><testcase classname="backend.tests.test_validation_api.TestValidationAPI" name="test_validate_object_salesforce_no_connection_id_error" time="2.479" /><testcase classname="backend.tests.test_validation_api.TestValidationAPI" name="test_validate_object_determinism" time="3.495" /><testcase classname="backend.tests.test_validation_api.TestValidationAPI" name="test_validate_object_merge_field_misconfiguration_error" time="2.470" /><testcase classname="backend.tests.test_validation_api.TestValidationAPI" name="test_validate_object_no_crm_connection_warning" time="2.515" /><testcase classname="backend.tests.test_validation_api.TestValidationAPI" name="test_validate_object_total_checks_always_8" time="4.463" /><testcase classname="backend.tests.test_validation_api.TestValidationAPI" name="test_validate_object_check_ids_consistent" time="2.496" /></testsuite></testsuites>